TN:__gcov_report
SF:/Users/omanytea/Desktop/Daryamals/School21/C7_BrickGame_v1.0-1/src/s21_gui_tetris.c
FN:19,26,PrintColor
FN:28,35,Pause_not
FN:37,46,color_start
FN:48,53,color_over
FN:55,60,color_figure
FN:7,17,AdditionalInformation
FNDA:0,PrintColor
FNDA:0,Pause_not
FNDA:0,color_start
FNDA:0,color_over
FNDA:0,color_figure
FNDA:0,AdditionalInformation
FNF:6
FNH:0
DA:7,0
DA:8,0
DA:9,0
DA:10,0
DA:11,0
DA:12,0
DA:13,0
DA:14,0
DA:16,0
DA:17,0
DA:19,0
DA:20,0
DA:21,0
DA:22,0
DA:24,0
DA:26,0
DA:28,0
DA:29,0
DA:30,0
DA:31,0
DA:32,0
DA:33,0
DA:34,0
DA:35,0
DA:37,0
DA:38,0
DA:39,0
DA:40,0
DA:41,0
DA:42,0
DA:43,0
DA:44,0
DA:45,0
DA:46,0
DA:48,0
DA:49,0
DA:50,0
DA:51,0
DA:52,0
DA:53,0
DA:55,0
DA:56,0
DA:57,0
DA:58,0
DA:59,0
DA:60,0
LF:46
LH:0
end_of_record
TN:__gcov_report
SF:/Users/omanytea/Desktop/Daryamals/School21/C7_BrickGame_v1.0-1/src/s21_tetris.c
FN:105,114,SaveGame
FN:116,128,UpdatePosition
FN:130,137,PrintTable
FN:139,149,CheckRuleS
FN:150,163,CheckRuleD
FN:164,177,CheckRuleA
FN:179,192,CheckRuleW
FN:194,202,WriteToTable
FN:204,212,Rotate
FN:214,236,DeleteString
FN:238,247,isRoof
FN:249,260,CreateFigure
FN:262,302,CheckPosition
FN:304,310,InputUser
FN:312,321,level
FN:84,95,CaptureFigure
FN:97,103,LoadGame
FNDA:4,SaveGame
FNDA:1,UpdatePosition
FNDA:0,PrintTable
FNDA:2,CheckRuleS
FNDA:3,CheckRuleD
FNDA:2,CheckRuleA
FNDA:1,CheckRuleW
FNDA:3,WriteToTable
FNDA:1,Rotate
FNDA:1,DeleteString
FNDA:2,isRoof
FNDA:2,CreateFigure
FNDA:4,CheckPosition
FNDA:0,InputUser
FNDA:1,level
FNDA:1,CaptureFigure
FNDA:5,LoadGame
FNF:17
FNH:15
DA:84,1
DA:94,1
DA:97,5
DA:98,5
DA:99,5
DA:100,5
DA:101,5
DA:103,5
DA:105,4
DA:106,4
DA:107,4
DA:108,4
DA:109,1
DA:111,4
DA:112,4
DA:114,4
DA:116,1
DA:117,6
DA:118,30
DA:119,25
DA:120,4
DA:121,4
DA:122,4
DA:126,1
DA:127,1
DA:128,1
DA:130,0
DA:132,0
DA:133,0
DA:134,0
DA:135,0
DA:136,0
DA:137,0
DA:139,2
DA:140,2
DA:141,12
DA:142,60
DA:143,50
DA:144,0
DA:145,0
DA:148,2
DA:150,3
DA:151,3
DA:153,16
DA:154,72
DA:155,59
DA:156,0
DA:157,59
DA:158,9
DA:159,9
DA:162,3
DA:164,2
DA:165,2
DA:166,12
DA:167,60
DA:168,50
DA:169,40
DA:170,10
DA:171,40
DA:172,0
DA:173,0
DA:176,2
DA:179,1
DA:180,1
DA:181,6
DA:182,30
DA:183,25
DA:184,20
DA:185,5
DA:186,20
DA:187,0
DA:188,0
DA:191,1
DA:194,3
DA:195,8
DA:196,30
DA:197,25
DA:198,4
DA:199,4
DA:202,3
DA:204,1
DA:205,1
DA:206,6
DA:207,30
DA:208,25
DA:211,1
DA:214,1
DA:215,1
DA:216,21
DA:217,20
DA:218,220
DA:219,200
DA:222,20
DA:223,1
DA:225,1
DA:226,0
DA:228,11
DA:229,2
DA:230,1
DA:231,1
DA:235,1
DA:236,1
DA:238,2
DA:239,12
DA:240,60
DA:241,50
DA:242,20
DA:246,2
DA:249,2
DA:250,2
DA:252,2
DA:253,2
DA:254,2
DA:255,2
DA:256,2
DA:257,2
DA:258,2
DA:260,2
DA:262,4
DA:265,4
DA:266,1
DA:267,1
DA:268,1
DA:270,1
DA:271,1
DA:273,0
DA:274,0
DA:275,0
DA:278,1
DA:279,1
DA:280,1
DA:281,1
DA:283,1
DA:284,1
DA:285,1
DA:286,1
DA:288,1
DA:289,0
DA:290,0
DA:291,0
DA:292,0
DA:294,0
DA:295,1
DA:296,1
DA:297,1
DA:298,0
DA:299,0
DA:300,0
DA:302,4
DA:304,0
DA:306,0
DA:307,0
DA:308,0
DA:309,0
DA:310,0
DA:312,1
DA:313,1
DA:314,1
DA:315,1
DA:316,1
DA:317,1
DA:320,1
LF:162
LH:130
end_of_record
TN:__gcov_report
SF:/Users/omanytea/Desktop/Daryamals/School21/C7_BrickGame_v1.0-1/src/tests.c
FN:100,113,DeleteString_test_fn
FN:116,142,update_position_test_fn
FN:14,18,check_rule_s_test_fn
FN:145,166,write_to_table_test_fn
FN:168,178,CreateFigure_test_1_fn
FN:179,188,CreateFigure_test_2_fn
FN:19,23,check_rule_d_test_fn
FN:192,205,input_user_test_S_fn
FN:207,220,input_user_test_D_fn
FN:222,235,input_user_test_A_fn
FN:237,251,input_user_test_Space_fn
FN:24,36,check_rule_d_test_2_fn
FN:253,306,main
FN:37,41,check_rule_a_test_fn
FN:42,46,check_rule_w_test_fn
FN:49,56,save_game_test_fn
FN:57,62,load_game_test_fn
FN:63,70,save_load_max_score_test_fn
FN:71,78,save_load_game_test_fn
FN:79,86,MaxScore_equal_score_fn
FN:89,92,level_test_fn
FN:93,99,Rotate_test_fn
FNDA:1,DeleteString_test_fn
FNDA:1,update_position_test_fn
FNDA:1,check_rule_s_test_fn
FNDA:1,write_to_table_test_fn
FNDA:1,CreateFigure_test_1_fn
FNDA:1,CreateFigure_test_2_fn
FNDA:1,check_rule_d_test_fn
FNDA:1,input_user_test_S_fn
FNDA:1,input_user_test_D_fn
FNDA:1,input_user_test_A_fn
FNDA:1,input_user_test_Space_fn
FNDA:1,check_rule_d_test_2_fn
FNDA:22,main
FNDA:1,check_rule_a_test_fn
FNDA:1,check_rule_w_test_fn
FNDA:1,save_game_test_fn
FNDA:1,load_game_test_fn
FNDA:1,save_load_max_score_test_fn
FNDA:1,save_load_game_test_fn
FNDA:1,MaxScore_equal_score_fn
FNDA:1,level_test_fn
FNDA:1,Rotate_test_fn
FNF:22
FNH:22
DA:14,1
DA:15,1
DA:16,1
DA:17,1
DA:18,1
DA:19,1
DA:20,1
DA:21,1
DA:22,1
DA:23,1
DA:24,1
DA:25,1
DA:31,1
DA:35,1
DA:36,1
DA:37,1
DA:38,1
DA:39,1
DA:40,1
DA:41,1
DA:42,1
DA:43,1
DA:44,1
DA:45,1
DA:46,1
DA:49,1
DA:50,1
DA:51,1
DA:52,1
DA:54,1
DA:55,1
DA:56,1
DA:57,1
DA:58,1
DA:60,1
DA:61,1
DA:62,1
DA:63,1
DA:64,1
DA:65,1
DA:66,1
DA:68,1
DA:69,1
DA:70,1
DA:71,1
DA:72,1
DA:73,1
DA:74,1
DA:76,1
DA:77,1
DA:78,1
DA:79,1
DA:80,1
DA:81,1
DA:82,1
DA:84,1
DA:85,1
DA:86,1
DA:89,1
DA:90,1
DA:91,1
DA:92,1
DA:93,1
DA:94,1
DA:95,1
DA:97,1
DA:98,1
DA:99,1
DA:100,1
DA:101,1
DA:102,1
DA:104,11
DA:105,10
DA:107,1
DA:108,1
DA:110,11
DA:111,10
DA:113,1
DA:116,1
DA:118,1
DA:119,1
DA:123,1
DA:124,1
DA:127,1
DA:128,1
DA:131,6
DA:132,30
DA:133,25
DA:134,4
DA:137,21
DA:142,1
DA:145,1
DA:147,1
DA:148,1
DA:152,1
DA:155,6
DA:156,30
DA:157,25
DA:158,4
DA:161,21
DA:166,1
DA:168,1
DA:169,1
DA:170,1
DA:171,1
DA:173,1
DA:175,1
DA:176,1
DA:177,1
DA:178,1
DA:179,1
DA:180,1
DA:181,1
DA:182,1
DA:184,1
DA:185,1
DA:186,1
DA:188,1
DA:192,1
DA:193,1
DA:194,1
DA:195,1
DA:196,1
DA:197,1
DA:198,1
DA:199,1
DA:200,1
DA:202,1
DA:203,1
DA:204,1
DA:205,1
DA:207,1
DA:208,1
DA:209,1
DA:210,1
DA:211,1
DA:212,1
DA:213,1
DA:214,1
DA:215,1
DA:217,1
DA:218,1
DA:219,1
DA:220,1
DA:222,1
DA:223,1
DA:224,1
DA:225,1
DA:226,1
DA:227,1
DA:228,1
DA:229,1
DA:230,1
DA:232,1
DA:233,1
DA:234,1
DA:235,1
DA:237,1
DA:238,1
DA:239,1
DA:240,1
DA:241,1
DA:242,1
DA:243,1
DA:244,1
DA:245,1
DA:247,1
DA:248,1
DA:249,1
DA:251,1
DA:253,22
DA:254,22
DA:255,22
DA:256,22
DA:258,22
DA:259,22
DA:263,22
DA:265,22
DA:266,22
DA:267,22
DA:268,22
DA:269,22
DA:272,22
DA:273,22
DA:274,22
DA:275,22
DA:276,22
DA:279,22
DA:280,22
DA:281,22
DA:285,22
DA:289,22
DA:292,22
DA:293,22
DA:296,22
DA:297,22
DA:298,22
DA:299,22
DA:301,22
DA:302,1
DA:303,1
DA:305,1
LF:202
LH:202
end_of_record
